<?xml version="1.0" encoding="UTF-8"?>
<coverage generated="1678059518796" clover="3.2.0">
  <project timestamp="1678059518796" name="All files">
    <metrics statements="38" coveredstatements="38" conditionals="16" coveredconditionals="16" methods="7" coveredmethods="7" elements="61" coveredelements="61" complexity="0" loc="38" ncloc="38" packages="1" files="4" classes="4"/>
    <file name="exercicio-1.js" path="/home/palomawink/Documentos/Trybe/trybe-exercicios/Fundamentos/Secao-06-Testes-Unitarios/Dia-02-Primeiros-passos-em-Jest/exercicio-1.js">
      <metrics statements="6" coveredstatements="6" conditionals="2" coveredconditionals="2" methods="1" coveredmethods="1"/>
      <line num="2" count="3" type="stmt"/>
      <line num="3" count="3" type="stmt"/>
      <line num="4" count="12" type="cond" truecount="2" falsecount="0"/>
      <line num="5" count="10" type="stmt"/>
      <line num="8" count="3" type="stmt"/>
      <line num="11" count="1" type="stmt"/>
    </file>
    <file name="exercicio-2.js" path="/home/palomawink/Documentos/Trybe/trybe-exercicios/Fundamentos/Secao-06-Testes-Unitarios/Dia-02-Primeiros-passos-em-Jest/exercicio-2.js">
      <metrics statements="6" coveredstatements="6" conditionals="10" coveredconditionals="10" methods="1" coveredmethods="1"/>
      <line num="2" count="13" type="cond" truecount="2" falsecount="0"/>
      <line num="3" count="12" type="cond" truecount="4" falsecount="0"/>
      <line num="4" count="9" type="cond" truecount="2" falsecount="0"/>
      <line num="5" count="6" type="cond" truecount="2" falsecount="0"/>
      <line num="6" count="3" type="stmt"/>
      <line num="9" count="1" type="stmt"/>
    </file>
    <file name="exercicio-3.js" path="/home/palomawink/Documentos/Trybe/trybe-exercicios/Fundamentos/Secao-06-Testes-Unitarios/Dia-02-Primeiros-passos-em-Jest/exercicio-3.js">
      <metrics statements="18" coveredstatements="18" conditionals="2" coveredconditionals="2" methods="3" coveredmethods="3"/>
      <line num="1" count="1" type="stmt"/>
      <line num="2" count="9" type="stmt"/>
      <line num="3" count="9" type="stmt"/>
      <line num="4" count="9" type="stmt"/>
      <line num="5" count="65" type="stmt"/>
      <line num="6" count="65" type="stmt"/>
      <line num="8" count="65" type="cond" truecount="2" falsecount="0"/>
      <line num="9" count="25" type="stmt"/>
      <line num="11" count="40" type="stmt"/>
      <line num="14" count="9" type="stmt"/>
      <line num="17" count="1" type="stmt"/>
      <line num="18" count="5" type="stmt"/>
      <line num="25" count="5" type="stmt"/>
      <line num="28" count="1" type="stmt"/>
      <line num="29" count="4" type="stmt"/>
      <line num="36" count="4" type="stmt"/>
      <line num="38" count="1" type="stmt"/>
      <line num="40" count="1" type="stmt"/>
    </file>
    <file name="exercicio-4.js" path="/home/palomawink/Documentos/Trybe/trybe-exercicios/Fundamentos/Secao-06-Testes-Unitarios/Dia-02-Primeiros-passos-em-Jest/exercicio-4.js">
      <metrics statements="8" coveredstatements="8" conditionals="2" coveredconditionals="2" methods="2" coveredmethods="2"/>
      <line num="1" count="1" type="stmt"/>
      <line num="2" count="2" type="stmt"/>
      <line num="3" count="2" type="cond" truecount="2" falsecount="0"/>
      <line num="4" count="1" type="stmt"/>
      <line num="6" count="1" type="stmt"/>
      <line num="7" count="5" type="stmt"/>
      <line num="10" count="1" type="stmt"/>
      <line num="13" count="1" type="stmt"/>
    </file>
  </project>
</coverage>
