{"/home/palomawink/Documentos/Trybe/trybe-exercicios/Fundamentos/Secao-06-Testes-Unitarios/Dia-02-Primeiros-passos-em-Jest/exercicio-1.js": {"path":"/home/palomawink/Documentos/Trybe/trybe-exercicios/Fundamentos/Secao-06-Testes-Unitarios/Dia-02-Primeiros-passos-em-Jest/exercicio-1.js","statementMap":{"0":{"start":{"line":2,"column":17},"end":{"line":2,"column":19}},"1":{"start":{"line":3,"column":4},"end":{"line":7,"column":5}},"2":{"start":{"line":3,"column":21},"end":{"line":3,"column":22}},"3":{"start":{"line":4,"column":6},"end":{"line":6,"column":7}},"4":{"start":{"line":5,"column":8},"end":{"line":5,"column":32}},"5":{"start":{"line":8,"column":4},"end":{"line":8,"column":18}},"6":{"start":{"line":11,"column":2},"end":{"line":11,"column":28}}},"fnMap":{"0":{"name":"myRemove","decl":{"start":{"line":1,"column":9},"end":{"line":1,"column":17}},"loc":{"start":{"line":1,"column":29},"end":{"line":9,"column":3}},"line":1}},"branchMap":{"0":{"loc":{"start":{"line":4,"column":6},"end":{"line":6,"column":7}},"type":"if","locations":[{"start":{"line":4,"column":6},"end":{"line":6,"column":7}},{"start":{},"end":{}}],"line":4}},"s":{"0":3,"1":3,"2":3,"3":12,"4":10,"5":3,"6":1},"f":{"0":3},"b":{"0":[10,2]},"_coverageSchema":"1a1c01bbd47fc00a2c39e90264f33305004495a9","hash":"fee072135a75e5b18cf6f5b715f4bce36f88f85a"}
,"/home/palomawink/Documentos/Trybe/trybe-exercicios/Fundamentos/Secao-06-Testes-Unitarios/Dia-02-Primeiros-passos-em-Jest/exercicio-2.js": {"path":"/home/palomawink/Documentos/Trybe/trybe-exercicios/Fundamentos/Secao-06-Testes-Unitarios/Dia-02-Primeiros-passos-em-Jest/exercicio-2.js","statementMap":{"0":{"start":{"line":2,"column":4},"end":{"line":2,"column":46}},"1":{"start":{"line":2,"column":33},"end":{"line":2,"column":46}},"2":{"start":{"line":3,"column":4},"end":{"line":3,"column":58}},"3":{"start":{"line":3,"column":40},"end":{"line":3,"column":58}},"4":{"start":{"line":4,"column":4},"end":{"line":4,"column":37}},"5":{"start":{"line":4,"column":23},"end":{"line":4,"column":37}},"6":{"start":{"line":5,"column":4},"end":{"line":5,"column":37}},"7":{"start":{"line":5,"column":23},"end":{"line":5,"column":37}},"8":{"start":{"line":6,"column":4},"end":{"line":6,"column":15}},"9":{"start":{"line":9,"column":0},"end":{"line":9,"column":28}}},"fnMap":{"0":{"name":"myFizzBuzz","decl":{"start":{"line":1,"column":9},"end":{"line":1,"column":19}},"loc":{"start":{"line":1,"column":25},"end":{"line":7,"column":3}},"line":1}},"branchMap":{"0":{"loc":{"start":{"line":2,"column":4},"end":{"line":2,"column":46}},"type":"if","locations":[{"start":{"line":2,"column":4},"end":{"line":2,"column":46}},{"start":{},"end":{}}],"line":2},"1":{"loc":{"start":{"line":3,"column":4},"end":{"line":3,"column":58}},"type":"if","locations":[{"start":{"line":3,"column":4},"end":{"line":3,"column":58}},{"start":{},"end":{}}],"line":3},"2":{"loc":{"start":{"line":3,"column":8},"end":{"line":3,"column":38}},"type":"binary-expr","locations":[{"start":{"line":3,"column":8},"end":{"line":3,"column":21}},{"start":{"line":3,"column":25},"end":{"line":3,"column":38}}],"line":3},"3":{"loc":{"start":{"line":4,"column":4},"end":{"line":4,"column":37}},"type":"if","locations":[{"start":{"line":4,"column":4},"end":{"line":4,"column":37}},{"start":{},"end":{}}],"line":4},"4":{"loc":{"start":{"line":5,"column":4},"end":{"line":5,"column":37}},"type":"if","locations":[{"start":{"line":5,"column":4},"end":{"line":5,"column":37}},{"start":{},"end":{}}],"line":5}},"s":{"0":13,"1":1,"2":12,"3":3,"4":9,"5":3,"6":6,"7":3,"8":3,"9":1},"f":{"0":13},"b":{"0":[1,12],"1":[3,9],"2":[12,6],"3":[3,6],"4":[3,3]},"_coverageSchema":"1a1c01bbd47fc00a2c39e90264f33305004495a9","hash":"2b77a220c6a50ad57704f997c9bddb5f358d1520"}
,"/home/palomawink/Documentos/Trybe/trybe-exercicios/Fundamentos/Secao-06-Testes-Unitarios/Dia-02-Primeiros-passos-em-Jest/exercicio-3.js": {"path":"/home/palomawink/Documentos/Trybe/trybe-exercicios/Fundamentos/Secao-06-Testes-Unitarios/Dia-02-Primeiros-passos-em-Jest/exercicio-3.js","statementMap":{"0":{"start":{"line":1,"column":18},"end":{"line":15,"column":3}},"1":{"start":{"line":2,"column":24},"end":{"line":2,"column":40}},"2":{"start":{"line":3,"column":24},"end":{"line":3,"column":26}},"3":{"start":{"line":4,"column":4},"end":{"line":13,"column":5}},"4":{"start":{"line":4,"column":21},"end":{"line":4,"column":22}},"5":{"start":{"line":5,"column":24},"end":{"line":5,"column":42}},"6":{"start":{"line":6,"column":26},"end":{"line":6,"column":46}},"7":{"start":{"line":8,"column":6},"end":{"line":12,"column":7}},"8":{"start":{"line":9,"column":8},"end":{"line":9,"column":38}},"9":{"start":{"line":11,"column":8},"end":{"line":11,"column":36}},"10":{"start":{"line":14,"column":4},"end":{"line":14,"column":32}},"11":{"start":{"line":17,"column":17},"end":{"line":26,"column":3}},"12":{"start":{"line":18,"column":16},"end":{"line":24,"column":5}},"13":{"start":{"line":25,"column":4},"end":{"line":25,"column":34}},"14":{"start":{"line":28,"column":17},"end":{"line":37,"column":3}},"15":{"start":{"line":29,"column":16},"end":{"line":35,"column":5}},"16":{"start":{"line":36,"column":4},"end":{"line":36,"column":34}},"17":{"start":{"line":38,"column":0},"end":{"line":38,"column":36}},"18":{"start":{"line":40,"column":0},"end":{"line":40,"column":34}}},"fnMap":{"0":{"name":"(anonymous_0)","decl":{"start":{"line":1,"column":18},"end":{"line":1,"column":19}},"loc":{"start":{"line":1,"column":41},"end":{"line":15,"column":3}},"line":1},"1":{"name":"(anonymous_1)","decl":{"start":{"line":17,"column":17},"end":{"line":17,"column":18}},"loc":{"start":{"line":17,"column":29},"end":{"line":26,"column":3}},"line":17},"2":{"name":"(anonymous_2)","decl":{"start":{"line":28,"column":17},"end":{"line":28,"column":18}},"loc":{"start":{"line":28,"column":29},"end":{"line":37,"column":3}},"line":28}},"branchMap":{"0":{"loc":{"start":{"line":8,"column":6},"end":{"line":12,"column":7}},"type":"if","locations":[{"start":{"line":8,"column":6},"end":{"line":12,"column":7}},{"start":{"line":10,"column":13},"end":{"line":12,"column":7}}],"line":8}},"s":{"0":1,"1":9,"2":9,"3":9,"4":9,"5":65,"6":65,"7":65,"8":25,"9":40,"10":9,"11":1,"12":5,"13":5,"14":1,"15":4,"16":4,"17":1,"18":1},"f":{"0":9,"1":5,"2":4},"b":{"0":[25,40]},"_coverageSchema":"1a1c01bbd47fc00a2c39e90264f33305004495a9","hash":"968232f9e0aff219afcb1e04f78dffd1dcba8982"}
,"/home/palomawink/Documentos/Trybe/trybe-exercicios/Fundamentos/Secao-06-Testes-Unitarios/Dia-02-Primeiros-passos-em-Jest/exercicio-4.js": {"path":"/home/palomawink/Documentos/Trybe/trybe-exercicios/Fundamentos/Secao-06-Testes-Unitarios/Dia-02-Primeiros-passos-em-Jest/exercicio-4.js","statementMap":{"0":{"start":{"line":1,"column":17},"end":{"line":11,"column":1}},"1":{"start":{"line":2,"column":22},"end":{"line":2,"column":24}},"2":{"start":{"line":3,"column":2},"end":{"line":5,"column":3}},"3":{"start":{"line":4,"column":4},"end":{"line":4,"column":19}},"4":{"start":{"line":6,"column":2},"end":{"line":8,"column":5}},"5":{"start":{"line":7,"column":4},"end":{"line":7,"column":37}},"6":{"start":{"line":10,"column":2},"end":{"line":10,"column":21}},"7":{"start":{"line":13,"column":0},"end":{"line":13,"column":25}}},"fnMap":{"0":{"name":"(anonymous_0)","decl":{"start":{"line":1,"column":17},"end":{"line":1,"column":18}},"loc":{"start":{"line":1,"column":41},"end":{"line":11,"column":1}},"line":1},"1":{"name":"(anonymous_1)","decl":{"start":{"line":6,"column":30},"end":{"line":6,"column":31}},"loc":{"start":{"line":6,"column":40},"end":{"line":8,"column":3}},"line":6}},"branchMap":{"0":{"loc":{"start":{"line":3,"column":2},"end":{"line":5,"column":3}},"type":"if","locations":[{"start":{"line":3,"column":2},"end":{"line":5,"column":3}},{"start":{},"end":{}}],"line":3}},"s":{"0":1,"1":2,"2":2,"3":1,"4":1,"5":5,"6":1,"7":1},"f":{"0":2,"1":5},"b":{"0":[1,1]},"_coverageSchema":"1a1c01bbd47fc00a2c39e90264f33305004495a9","hash":"e7a6a227fe4e937af7869851b921f02b2783802a"}
}
