TN:
SF:exercicio-1.js
FN:1,myRemove
FNF:1
FNH:1
FNDA:3,myRemove
DA:2,3
DA:3,3
DA:4,12
DA:5,10
DA:8,3
DA:11,1
LF:6
LH:6
BRDA:4,0,0,10
BRDA:4,0,1,2
BRF:2
BRH:2
end_of_record
TN:
SF:exercicio-2.js
FN:1,myFizzBuzz
FNF:1
FNH:1
FNDA:13,myFizzBuzz
DA:2,13
DA:3,12
DA:4,9
DA:5,6
DA:6,3
DA:9,1
LF:6
LH:6
BRDA:2,0,0,1
BRDA:2,0,1,12
BRDA:3,1,0,3
BRDA:3,1,1,9
BRDA:3,2,0,12
BRDA:3,2,1,6
BRDA:4,3,0,3
BRDA:4,3,1,6
BRDA:5,4,0,3
BRDA:5,4,1,3
BRF:10
BRH:10
end_of_record
TN:
SF:exercicio-3.js
FN:1,(anonymous_0)
FN:17,(anonymous_1)
FN:28,(anonymous_2)
FNF:3
FNH:3
FNDA:9,(anonymous_0)
FNDA:5,(anonymous_1)
FNDA:4,(anonymous_2)
DA:1,1
DA:2,9
DA:3,9
DA:4,9
DA:5,65
DA:6,65
DA:8,65
DA:9,25
DA:11,40
DA:14,9
DA:17,1
DA:18,5
DA:25,5
DA:28,1
DA:29,4
DA:36,4
DA:38,1
DA:40,1
LF:18
LH:18
BRDA:8,0,0,25
BRDA:8,0,1,40
BRF:2
BRH:2
end_of_record
TN:
SF:exercicio-4.js
FN:1,(anonymous_0)
FN:6,(anonymous_1)
FNF:2
FNH:2
FNDA:2,(anonymous_0)
FNDA:5,(anonymous_1)
DA:1,1
DA:2,2
DA:3,2
DA:4,1
DA:6,1
DA:7,5
DA:10,1
DA:13,1
LF:8
LH:8
BRDA:3,0,0,1
BRDA:3,0,1,1
BRF:2
BRH:2
end_of_record
